{"name": "test_logout_user[chrome]", "status": "broken", "statusDetails": {"message": "selenium.common.exceptions.TimeoutException: Message: \nStacktrace:\nBacktrace:\n\tGetHandleVerifier [0x00E48893+48451]\n\t(No symbol) [0x00DDB8A1]\n\t(No symbol) [0x00CE5058]\n\t(No symbol) [0x00D10467]\n\t(No symbol) [0x00D1069B]\n\t(No symbol) [0x00D3DD92]\n\t(No symbol) [0x00D2A304]\n\t(No symbol) [0x00D3C482]\n\t(No symbol) [0x00D2A0B6]\n\t(No symbol) [0x00D07E08]\n\t(No symbol) [0x00D08F2D]\n\tGetHandleVerifier [0x010A8E3A+2540266]\n\tGetHandleVerifier [0x010E8959+2801161]\n\tGetHandleVerifier [0x010E295C+2776588]\n\tGetHandleVerifier [0x00ED2280+612144]\n\t(No symbol) [0x00DE4F6C]\n\t(No symbol) [0x00DE11D8]\n\t(No symbol) [0x00DE12BB]\n\t(No symbol) [0x00DD4857]\n\tBaseThreadInitThunk [0x75E900C9+25]\n\tRtlGetAppContainerNamedObjectPath [0x76F27B4E+286]\n\tRtlGetAppContainerNamedObjectPath [0x76F27B1E+238]", "trace": "self = <Tests.test_LogoutDeleteAccount.Test_Logout object at 0x000002454BE93B50>\n\n    @allure.feature(\"Logout\")\n    def test_logout_user(self):\n        self.log.info(\"logging out\")\n        self.logout = LogoutDeleteAccountPage(self.driver)\n>       self.logout.do_Logout()\n\nTests\\test_LogoutDeleteAccount.py:16: \n_ _ _ _ _ _ _ _ _ _ _ _ _ _ _ _ _ _ _ _ _ _ _ _ _ _ _ _ _ _ _ _ _ _ _ _ _ _ _ _\nPages\\LogoutDeleteAccountPage.py:23: in do_Logout\n    self.do_click(self.LOGOUT_BTN)\nPages\\BasePage.py:14: in do_click\n    WebDriverWait(self.driver, 10).until(EC.visibility_of_element_located(by_locator)).click()\n_ _ _ _ _ _ _ _ _ _ _ _ _ _ _ _ _ _ _ _ _ _ _ _ _ _ _ _ _ _ _ _ _ _ _ _ _ _ _ _\n\nself = <selenium.webdriver.support.wait.WebDriverWait (session=\"d911fb119d6a06458e3eb209540f0f9d\")>\nmethod = <function visibility_of_element_located.<locals>._predicate at 0x000002454AF7C310>\nmessage = ''\n\n    def until(self, method, message: str = \"\"):\n        \"\"\"Calls the method provided with the driver as an argument until the \\\n        return value does not evaluate to ``False``.\n    \n        :param method: callable(WebDriver)\n        :param message: optional message for :exc:`TimeoutException`\n        :returns: the result of the last call to `method`\n        :raises: :exc:`selenium.common.exceptions.TimeoutException` if timeout occurs\n        \"\"\"\n        screen = None\n        stacktrace = None\n    \n        end_time = time.monotonic() + self._timeout\n        while True:\n            try:\n                value = method(self._driver)\n                if value:\n                    return value\n            except self._ignored_exceptions as exc:\n                screen = getattr(exc, \"screen\", None)\n                stacktrace = getattr(exc, \"stacktrace\", None)\n            time.sleep(self._poll)\n            if time.monotonic() > end_time:\n                break\n>       raise TimeoutException(message, screen, stacktrace)\nE       selenium.common.exceptions.TimeoutException: Message: \nE       Stacktrace:\nE       Backtrace:\nE       \tGetHandleVerifier [0x00E48893+48451]\nE       \t(No symbol) [0x00DDB8A1]\nE       \t(No symbol) [0x00CE5058]\nE       \t(No symbol) [0x00D10467]\nE       \t(No symbol) [0x00D1069B]\nE       \t(No symbol) [0x00D3DD92]\nE       \t(No symbol) [0x00D2A304]\nE       \t(No symbol) [0x00D3C482]\nE       \t(No symbol) [0x00D2A0B6]\nE       \t(No symbol) [0x00D07E08]\nE       \t(No symbol) [0x00D08F2D]\nE       \tGetHandleVerifier [0x010A8E3A+2540266]\nE       \tGetHandleVerifier [0x010E8959+2801161]\nE       \tGetHandleVerifier [0x010E295C+2776588]\nE       \tGetHandleVerifier [0x00ED2280+612144]\nE       \t(No symbol) [0x00DE4F6C]\nE       \t(No symbol) [0x00DE11D8]\nE       \t(No symbol) [0x00DE12BB]\nE       \t(No symbol) [0x00DD4857]\nE       \tBaseThreadInitThunk [0x75E900C9+25]\nE       \tRtlGetAppContainerNamedObjectPath [0x76F27B4E+286]\nE       \tRtlGetAppContainerNamedObjectPath [0x76F27B1E+238]\n\nvenv\\lib\\site-packages\\selenium\\webdriver\\support\\wait.py:95: TimeoutException"}, "attachments": [{"name": "log", "source": "5f5eb2e6-6b7c-43aa-ba59-2a253319a797-attachment.txt", "type": "text/plain"}], "parameters": [{"name": "init__driver", "value": "'chrome'"}], "start": 1685368424911, "stop": 1685368439301, "uuid": "70cb809b-5a17-4fc5-aa27-604c6feeb44d", "historyId": "de25102bb8a296b8107c213bc20aa880", "testCaseId": "366fc73549c7a72cf20e0beedcbedc16", "fullName": "Tests.test_LogoutDeleteAccount.Test_Logout#test_logout_user", "labels": [{"name": "severity", "value": "critical"}, {"name": "feature", "value": "Logout"}, {"name": "tag", "value": "@pytest.mark.usefixtures('init__driver')"}, {"name": "parentSuite", "value": "Tests"}, {"name": "suite", "value": "test_LogoutDeleteAccount"}, {"name": "subSuite", "value": "Test_Logout"}, {"name": "host", "value": "USGURPRIYAN01"}, {"name": "thread", "value": "39248-MainThread"}, {"name": "framework", "value": "pytest"}, {"name": "language", "value": "cpython3"}, {"name": "package", "value": "Tests.test_LogoutDeleteAccount"}]}