{"name": "test_02_change_password[chrome-None-None-None]", "status": "broken", "statusDetails": {"message": "selenium.common.exceptions.TimeoutException: Message: \nStacktrace:\nBacktrace:\n\tGetHandleVerifier [0x00E48893+48451]\n\t(No symbol) [0x00DDB8A1]\n\t(No symbol) [0x00CE5058]\n\t(No symbol) [0x00D10467]\n\t(No symbol) [0x00D1069B]\n\t(No symbol) [0x00D3DD92]\n\t(No symbol) [0x00D2A304]\n\t(No symbol) [0x00D3C482]\n\t(No symbol) [0x00D2A0B6]\n\t(No symbol) [0x00D07E08]\n\t(No symbol) [0x00D08F2D]\n\tGetHandleVerifier [0x010A8E3A+2540266]\n\tGetHandleVerifier [0x010E8959+2801161]\n\tGetHandleVerifier [0x010E295C+2776588]\n\tGetHandleVerifier [0x00ED2280+612144]\n\t(No symbol) [0x00DE4F6C]\n\t(No symbol) [0x00DE11D8]\n\t(No symbol) [0x00DE12BB]\n\t(No symbol) [0x00DD4857]\n\tBaseThreadInitThunk [0x75E900C9+25]\n\tRtlGetAppContainerNamedObjectPath [0x76F27B4E+286]\n\tRtlGetAppContainerNamedObjectPath [0x76F27B1E+238]", "trace": "self = <Tests.test_ProfilePage.Test_ProfilePage object at 0x000002C2A8BB5F70>\ncurrentPassword = None, newPassword = None, alertMessage = None\n\n    @pytest.mark.parametrize(\"currentPassword, newPassword, alertMessage\", Utils.read_data_from_excel(\n        \"C:\\\\Users\\\\priyankverma\\\\PycharmProjects\\\\PytestAssignmentMain\\\\TestData\\\\MyNotesAppData.xlsx\",\n        \"ChangePasswordData\"))\n    def test_02_change_password(self, currentPassword, newPassword, alertMessage):\n        self.profilePage = ProfilePage(self.driver)\n>       self.profilePage.do_change_password(currentPassword, newPassword)\n\nTests\\test_ProfilePage.py:29: \n_ _ _ _ _ _ _ _ _ _ _ _ _ _ _ _ _ _ _ _ _ _ _ _ _ _ _ _ _ _ _ _ _ _ _ _ _ _ _ _\nPages\\ProfilePage.py:47: in do_change_password\n    self.do_click(self.PROFILE_BTN)\nPages\\BasePage.py:14: in do_click\n    WebDriverWait(self.driver, 10).until(EC.visibility_of_element_located(by_locator)).click()\n_ _ _ _ _ _ _ _ _ _ _ _ _ _ _ _ _ _ _ _ _ _ _ _ _ _ _ _ _ _ _ _ _ _ _ _ _ _ _ _\n\nself = <selenium.webdriver.support.wait.WebDriverWait (session=\"d9437c7dc1e2dea8db6411275d1cc504\")>\nmethod = <function visibility_of_element_located.<locals>._predicate at 0x000002C2A8E3D430>\nmessage = ''\n\n    def until(self, method, message: str = \"\"):\n        \"\"\"Calls the method provided with the driver as an argument until the \\\n        return value does not evaluate to ``False``.\n    \n        :param method: callable(WebDriver)\n        :param message: optional message for :exc:`TimeoutException`\n        :returns: the result of the last call to `method`\n        :raises: :exc:`selenium.common.exceptions.TimeoutException` if timeout occurs\n        \"\"\"\n        screen = None\n        stacktrace = None\n    \n        end_time = time.monotonic() + self._timeout\n        while True:\n            try:\n                value = method(self._driver)\n                if value:\n                    return value\n            except self._ignored_exceptions as exc:\n                screen = getattr(exc, \"screen\", None)\n                stacktrace = getattr(exc, \"stacktrace\", None)\n            time.sleep(self._poll)\n            if time.monotonic() > end_time:\n                break\n>       raise TimeoutException(message, screen, stacktrace)\nE       selenium.common.exceptions.TimeoutException: Message: \nE       Stacktrace:\nE       Backtrace:\nE       \tGetHandleVerifier [0x00E48893+48451]\nE       \t(No symbol) [0x00DDB8A1]\nE       \t(No symbol) [0x00CE5058]\nE       \t(No symbol) [0x00D10467]\nE       \t(No symbol) [0x00D1069B]\nE       \t(No symbol) [0x00D3DD92]\nE       \t(No symbol) [0x00D2A304]\nE       \t(No symbol) [0x00D3C482]\nE       \t(No symbol) [0x00D2A0B6]\nE       \t(No symbol) [0x00D07E08]\nE       \t(No symbol) [0x00D08F2D]\nE       \tGetHandleVerifier [0x010A8E3A+2540266]\nE       \tGetHandleVerifier [0x010E8959+2801161]\nE       \tGetHandleVerifier [0x010E295C+2776588]\nE       \tGetHandleVerifier [0x00ED2280+612144]\nE       \t(No symbol) [0x00DE4F6C]\nE       \t(No symbol) [0x00DE11D8]\nE       \t(No symbol) [0x00DE12BB]\nE       \t(No symbol) [0x00DD4857]\nE       \tBaseThreadInitThunk [0x75E900C9+25]\nE       \tRtlGetAppContainerNamedObjectPath [0x76F27B4E+286]\nE       \tRtlGetAppContainerNamedObjectPath [0x76F27B1E+238]\n\nvenv\\lib\\site-packages\\selenium\\webdriver\\support\\wait.py:95: TimeoutException"}, "parameters": [{"name": "init__driver", "value": "'chrome'"}, {"name": "currentPassword", "value": "None"}, {"name": "newPassword", "value": "None"}, {"name": "alertMessage", "value": "None"}], "start": 1685364947038, "stop": 1685364961225, "uuid": "92fd7b5e-16ea-4d42-834e-f8ae715f40b1", "historyId": "7466bbaead2f22fdfc70585f234880f1", "testCaseId": "617ce4c3454d1d0f3516fa964092c3d9", "fullName": "Tests.test_ProfilePage.Test_ProfilePage#test_02_change_password", "labels": [{"name": "severity", "value": "critical"}, {"name": "tag", "value": "@pytest.mark.usefixtures('init__driver')"}, {"name": "parentSuite", "value": "Tests"}, {"name": "suite", "value": "test_ProfilePage"}, {"name": "subSuite", "value": "Test_ProfilePage"}, {"name": "host", "value": "USGURPRIYAN01"}, {"name": "thread", "value": "36008-MainThread"}, {"name": "framework", "value": "pytest"}, {"name": "language", "value": "cpython3"}, {"name": "package", "value": "Tests.test_ProfilePage"}]}