{"name": "test_user_account_deletion[chrome]", "status": "broken", "statusDetails": {"message": "selenium.common.exceptions.TimeoutException: Message: \nStacktrace:\nBacktrace:\n\tGetHandleVerifier [0x00E48893+48451]\n\t(No symbol) [0x00DDB8A1]\n\t(No symbol) [0x00CE5058]\n\t(No symbol) [0x00D10467]\n\t(No symbol) [0x00D1069B]\n\t(No symbol) [0x00D3DD92]\n\t(No symbol) [0x00D2A304]\n\t(No symbol) [0x00D3C482]\n\t(No symbol) [0x00D2A0B6]\n\t(No symbol) [0x00D07E08]\n\t(No symbol) [0x00D08F2D]\n\tGetHandleVerifier [0x010A8E3A+2540266]\n\tGetHandleVerifier [0x010E8959+2801161]\n\tGetHandleVerifier [0x010E295C+2776588]\n\tGetHandleVerifier [0x00ED2280+612144]\n\t(No symbol) [0x00DE4F6C]\n\t(No symbol) [0x00DE11D8]\n\t(No symbol) [0x00DE12BB]\n\t(No symbol) [0x00DD4857]\n\tBaseThreadInitThunk [0x75E900C9+25]\n\tRtlGetAppContainerNamedObjectPath [0x76F27B4E+286]\n\tRtlGetAppContainerNamedObjectPath [0x76F27B1E+238]", "trace": "self = <Tests.test_LogoutDeleteAccount.Test_Logout object at 0x000002454BE93C10>\n\n    @allure.feature(\"Account Deletion\")\n    def test_user_account_deletion(self):\n        self.log.info(\"deleting account\")\n        self.logout = LogoutDeleteAccountPage(self.driver)\n>       self.logout.do_Delete_Account()\n\nTests\\test_LogoutDeleteAccount.py:23: \n_ _ _ _ _ _ _ _ _ _ _ _ _ _ _ _ _ _ _ _ _ _ _ _ _ _ _ _ _ _ _ _ _ _ _ _ _ _ _ _\nPages\\LogoutDeleteAccountPage.py:26: in do_Delete_Account\n    self.do_click(self.PROFILE_BTN)\nPages\\BasePage.py:14: in do_click\n    WebDriverWait(self.driver, 10).until(EC.visibility_of_element_located(by_locator)).click()\n_ _ _ _ _ _ _ _ _ _ _ _ _ _ _ _ _ _ _ _ _ _ _ _ _ _ _ _ _ _ _ _ _ _ _ _ _ _ _ _\n\nself = <selenium.webdriver.support.wait.WebDriverWait (session=\"f6188a0ad53de19bd7dc0f8200c2892d\")>\nmethod = <function visibility_of_element_located.<locals>._predicate at 0x000002454C0D5AF0>\nmessage = ''\n\n    def until(self, method, message: str = \"\"):\n        \"\"\"Calls the method provided with the driver as an argument until the \\\n        return value does not evaluate to ``False``.\n    \n        :param method: callable(WebDriver)\n        :param message: optional message for :exc:`TimeoutException`\n        :returns: the result of the last call to `method`\n        :raises: :exc:`selenium.common.exceptions.TimeoutException` if timeout occurs\n        \"\"\"\n        screen = None\n        stacktrace = None\n    \n        end_time = time.monotonic() + self._timeout\n        while True:\n            try:\n                value = method(self._driver)\n                if value:\n                    return value\n            except self._ignored_exceptions as exc:\n                screen = getattr(exc, \"screen\", None)\n                stacktrace = getattr(exc, \"stacktrace\", None)\n            time.sleep(self._poll)\n            if time.monotonic() > end_time:\n                break\n>       raise TimeoutException(message, screen, stacktrace)\nE       selenium.common.exceptions.TimeoutException: Message: \nE       Stacktrace:\nE       Backtrace:\nE       \tGetHandleVerifier [0x00E48893+48451]\nE       \t(No symbol) [0x00DDB8A1]\nE       \t(No symbol) [0x00CE5058]\nE       \t(No symbol) [0x00D10467]\nE       \t(No symbol) [0x00D1069B]\nE       \t(No symbol) [0x00D3DD92]\nE       \t(No symbol) [0x00D2A304]\nE       \t(No symbol) [0x00D3C482]\nE       \t(No symbol) [0x00D2A0B6]\nE       \t(No symbol) [0x00D07E08]\nE       \t(No symbol) [0x00D08F2D]\nE       \tGetHandleVerifier [0x010A8E3A+2540266]\nE       \tGetHandleVerifier [0x010E8959+2801161]\nE       \tGetHandleVerifier [0x010E295C+2776588]\nE       \tGetHandleVerifier [0x00ED2280+612144]\nE       \t(No symbol) [0x00DE4F6C]\nE       \t(No symbol) [0x00DE11D8]\nE       \t(No symbol) [0x00DE12BB]\nE       \t(No symbol) [0x00DD4857]\nE       \tBaseThreadInitThunk [0x75E900C9+25]\nE       \tRtlGetAppContainerNamedObjectPath [0x76F27B4E+286]\nE       \tRtlGetAppContainerNamedObjectPath [0x76F27B1E+238]\n\nvenv\\lib\\site-packages\\selenium\\webdriver\\support\\wait.py:95: TimeoutException"}, "attachments": [{"name": "log", "source": "e6ae7c10-39ee-4188-8f3b-bc9062cfb075-attachment.txt", "type": "text/plain"}], "parameters": [{"name": "init__driver", "value": "'chrome'"}], "start": 1685368444959, "stop": 1685368460180, "uuid": "e67cdf3d-877b-4001-8949-aaa2b539793e", "historyId": "18e940333b0919a059fe0ebe0e7e0c90", "testCaseId": "48ed9ee2d9107e477590b05f954d0d4d", "fullName": "Tests.test_LogoutDeleteAccount.Test_Logout#test_user_account_deletion", "labels": [{"name": "severity", "value": "critical"}, {"name": "feature", "value": "Account Deletion"}, {"name": "tag", "value": "@pytest.mark.usefixtures('init__driver')"}, {"name": "parentSuite", "value": "Tests"}, {"name": "suite", "value": "test_LogoutDeleteAccount"}, {"name": "subSuite", "value": "Test_Logout"}, {"name": "host", "value": "USGURPRIYAN01"}, {"name": "thread", "value": "39248-MainThread"}, {"name": "framework", "value": "pytest"}, {"name": "language", "value": "cpython3"}, {"name": "package", "value": "Tests.test_LogoutDeleteAccount"}]}