{"name": "test_01_existing_note[chrome]", "status": "broken", "statusDetails": {"message": "selenium.common.exceptions.TimeoutException: Message: \nStacktrace:\nBacktrace:\n\tGetHandleVerifier [0x00E48893+48451]\n\t(No symbol) [0x00DDB8A1]\n\t(No symbol) [0x00CE5058]\n\t(No symbol) [0x00D10467]\n\t(No symbol) [0x00D1069B]\n\t(No symbol) [0x00D3DD92]\n\t(No symbol) [0x00D2A304]\n\t(No symbol) [0x00D3C482]\n\t(No symbol) [0x00D2A0B6]\n\t(No symbol) [0x00D07E08]\n\t(No symbol) [0x00D08F2D]\n\tGetHandleVerifier [0x010A8E3A+2540266]\n\tGetHandleVerifier [0x010E8959+2801161]\n\tGetHandleVerifier [0x010E295C+2776588]\n\tGetHandleVerifier [0x00ED2280+612144]\n\t(No symbol) [0x00DE4F6C]\n\t(No symbol) [0x00DE11D8]\n\t(No symbol) [0x00DE12BB]\n\t(No symbol) [0x00DD4857]\n\tBaseThreadInitThunk [0x75E900C9+25]\n\tRtlGetAppContainerNamedObjectPath [0x76F27B4E+286]\n\tRtlGetAppContainerNamedObjectPath [0x76F27B1E+238]", "trace": "self = <Tests.test_searchPage.Test_SearchPage object at 0x0000019D68F6AA00>\n\n    def test_01_existing_note(self):\n        self.search = SearchPage(self.driver)\n        self.search.do_search_verify_note(title=\"women\")\n        self.log.info(\"searching with the title\")\n>       result = self.search.get_search_result_for_existing_note()\n\nTests\\test_searchPage.py:17: \n_ _ _ _ _ _ _ _ _ _ _ _ _ _ _ _ _ _ _ _ _ _ _ _ _ _ _ _ _ _ _ _ _ _ _ _ _ _ _ _\nPages\\SearchPage.py:26: in get_search_result_for_existing_note\n    return self.get_element_text(self.NOTE_CARD_TITLE)\nPages\\BasePage.py:20: in get_element_text\n    element = WebDriverWait(self.driver, 10).until(EC.visibility_of_element_located(by_locator))\n_ _ _ _ _ _ _ _ _ _ _ _ _ _ _ _ _ _ _ _ _ _ _ _ _ _ _ _ _ _ _ _ _ _ _ _ _ _ _ _\n\nself = <selenium.webdriver.support.wait.WebDriverWait (session=\"aa629a587d533325d6e0520d1ea9e629\")>\nmethod = <function visibility_of_element_located.<locals>._predicate at 0x0000019D68FC3EE0>\nmessage = ''\n\n    def until(self, method, message: str = \"\"):\n        \"\"\"Calls the method provided with the driver as an argument until the \\\n        return value does not evaluate to ``False``.\n    \n        :param method: callable(WebDriver)\n        :param message: optional message for :exc:`TimeoutException`\n        :returns: the result of the last call to `method`\n        :raises: :exc:`selenium.common.exceptions.TimeoutException` if timeout occurs\n        \"\"\"\n        screen = None\n        stacktrace = None\n    \n        end_time = time.monotonic() + self._timeout\n        while True:\n            try:\n                value = method(self._driver)\n                if value:\n                    return value\n            except self._ignored_exceptions as exc:\n                screen = getattr(exc, \"screen\", None)\n                stacktrace = getattr(exc, \"stacktrace\", None)\n            time.sleep(self._poll)\n            if time.monotonic() > end_time:\n                break\n>       raise TimeoutException(message, screen, stacktrace)\nE       selenium.common.exceptions.TimeoutException: Message: \nE       Stacktrace:\nE       Backtrace:\nE       \tGetHandleVerifier [0x00E48893+48451]\nE       \t(No symbol) [0x00DDB8A1]\nE       \t(No symbol) [0x00CE5058]\nE       \t(No symbol) [0x00D10467]\nE       \t(No symbol) [0x00D1069B]\nE       \t(No symbol) [0x00D3DD92]\nE       \t(No symbol) [0x00D2A304]\nE       \t(No symbol) [0x00D3C482]\nE       \t(No symbol) [0x00D2A0B6]\nE       \t(No symbol) [0x00D07E08]\nE       \t(No symbol) [0x00D08F2D]\nE       \tGetHandleVerifier [0x010A8E3A+2540266]\nE       \tGetHandleVerifier [0x010E8959+2801161]\nE       \tGetHandleVerifier [0x010E295C+2776588]\nE       \tGetHandleVerifier [0x00ED2280+612144]\nE       \t(No symbol) [0x00DE4F6C]\nE       \t(No symbol) [0x00DE11D8]\nE       \t(No symbol) [0x00DE12BB]\nE       \t(No symbol) [0x00DD4857]\nE       \tBaseThreadInitThunk [0x75E900C9+25]\nE       \tRtlGetAppContainerNamedObjectPath [0x76F27B4E+286]\nE       \tRtlGetAppContainerNamedObjectPath [0x76F27B1E+238]\n\nvenv\\lib\\site-packages\\selenium\\webdriver\\support\\wait.py:95: TimeoutException"}, "attachments": [{"name": "log", "source": "d6a782f2-90c3-4b62-a9cb-8c6388051dbd-attachment.txt", "type": "text/plain"}], "parameters": [{"name": "init__driver", "value": "'chrome'"}], "start": 1685365039655, "stop": 1685365055821, "uuid": "df646db9-3fe3-402b-8e43-c4bd57a65884", "historyId": "5251426c6e8b07b99de34d9176b333d0", "testCaseId": "2378a1db31bf09785f9fce675960398d", "fullName": "Tests.test_searchPage.Test_SearchPage#test_01_existing_note", "labels": [{"name": "severity", "value": "critical"}, {"name": "tag", "value": "@pytest.mark.usefixtures('init__driver')"}, {"name": "parentSuite", "value": "Tests"}, {"name": "suite", "value": "test_searchPage"}, {"name": "subSuite", "value": "Test_SearchPage"}, {"name": "host", "value": "USGURPRIYAN01"}, {"name": "thread", "value": "38872-MainThread"}, {"name": "framework", "value": "pytest"}, {"name": "language", "value": "cpython3"}, {"name": "package", "value": "Tests.test_searchPage"}]}